<?xml version="1.0" encoding="UTF-8"?>
<!-- Generated by org.testng.reporters.JUnitReportReporter -->
<testsuite hostname="user" failures="0" tests="4" name="TestNGRunner.TestngRunner" time="204.807" errors="2" timestamp="2024-05-25T13:51:36 IST" skipped="0">
  <testcase classname="TestNGRunner.TestngRunner" name="runScenario" time="39.176"/>
  <system-out/>
  <testcase classname="TestNGRunner.TestngRunner" name="runScenario" time="77.830">
    <error message="Cannot invoke &quot;org.openqa.selenium.WebDriver.findElement(org.openqa.selenium.By)&quot; because &quot;this.testContextSetup.driver&quot; is null" type="java.lang.NullPointerException">
      <![CDATA[java.lang.NullPointerException: Cannot invoke "org.openqa.selenium.WebDriver.findElement(org.openqa.selenium.By)" because "this.testContextSetup.driver" is null
at stepdefinitions.RegisterStepdefinitions.account_success_message_should_be_displayed(RegisterStepdefinitions.java:63)
at ✽.Account success message should be displayed(file:///C:/Users/admin/eclipse-workspace/demoOpencart/src/test/java/features/Register.feature:8)
]]>
    </error>
  </testcase> <!-- runScenario -->
  <system-out/>
  <testcase classname="TestNGRunner.TestngRunner" name="runScenario" time="52.907">
    <error message="Cannot invoke &quot;org.openqa.selenium.WebDriver.findElement(org.openqa.selenium.By)&quot; because &quot;this.testContextSetup.driver&quot; is null" type="java.lang.NullPointerException">
      <![CDATA[java.lang.NullPointerException: Cannot invoke "org.openqa.selenium.WebDriver.findElement(org.openqa.selenium.By)" because "this.testContextSetup.driver" is null
at stepdefinitions.RegisterStepdefinitions.proper_placeholders_should_be_displayed_for_all_mandatory_fields(RegisterStepdefinitions.java:106)
at ✽.proper placeholders should be displayed for all mandatory fields(file:///C:/Users/admin/eclipse-workspace/demoOpencart/src/test/java/features/Register.feature:28)
]]>
    </error>
  </testcase> <!-- runScenario -->
  <system-out/>
  <testcase classname="TestNGRunner.TestngRunner" name="runScenario" time="34.894"/>
  <system-out/>
</testsuite> <!-- TestNGRunner.TestngRunner -->
