<?xml version="1.0" encoding="UTF-8"?>
<!-- Generated by org.testng.reporters.JUnitXMLReporter -->
<testsuite ignored="0" hostname="user" failures="2" tests="4" name="Surefire test" time="206.112" errors="0" timestamp="2024-05-25T13:51:36 IST">
  <testcase classname="io.cucumber.testng.AbstractTestNGCucumberTests" name="runScenario" time="77.83">
    <failure type="java.lang.NullPointerException" message="Cannot invoke &amp;quot;org.openqa.selenium.WebDriver.findElement(org.openqa.selenium.By)&amp;quot; because &amp;quot;this.testContextSetup.driver&amp;quot; is null">
      <![CDATA[java.lang.NullPointerException: Cannot invoke "org.openqa.selenium.WebDriver.findElement(org.openqa.selenium.By)" because "this.testContextSetup.driver" is null
at stepdefinitions.RegisterStepdefinitions.account_success_message_should_be_displayed(RegisterStepdefinitions.java:63)
at ✽.Account success message should be displayed(file:///C:/Users/admin/eclipse-workspace/demoOpencart/src/test/java/features/Register.feature:8)
]]>
    </failure>
  </testcase> <!-- runScenario -->
  <testcase classname="io.cucumber.testng.AbstractTestNGCucumberTests" name="runScenario" time="39.176"/>
  <testcase classname="io.cucumber.testng.AbstractTestNGCucumberTests" name="runScenario" time="34.894"/>
  <testcase classname="io.cucumber.testng.AbstractTestNGCucumberTests" name="runScenario" time="52.907">
    <failure type="java.lang.NullPointerException" message="Cannot invoke &amp;quot;org.openqa.selenium.WebDriver.findElement(org.openqa.selenium.By)&amp;quot; because &amp;quot;this.testContextSetup.driver&amp;quot; is null">
      <![CDATA[java.lang.NullPointerException: Cannot invoke "org.openqa.selenium.WebDriver.findElement(org.openqa.selenium.By)" because "this.testContextSetup.driver" is null
at stepdefinitions.RegisterStepdefinitions.proper_placeholders_should_be_displayed_for_all_mandatory_fields(RegisterStepdefinitions.java:106)
at ✽.proper placeholders should be displayed for all mandatory fields(file:///C:/Users/admin/eclipse-workspace/demoOpencart/src/test/java/features/Register.feature:28)
]]>
    </failure>
  </testcase> <!-- runScenario -->
</testsuite> <!-- Surefire test -->
